<?xml version="1.0" encoding="UTF-8"?>
<testng-results ignored="4" total="18" passed="13" failed="1" skipped="0">
  <reporter-output>
  </reporter-output>
  <suite started-at="2022-11-08T13:28:07 IST" name="Suite" finished-at="2022-11-08T13:32:56 IST" duration-ms="289652">
    <groups>
      <group name="Sanity">
        <method signature="ProfilePageTest.editProfilePage(java.lang.String, java.lang.String, java.lang.String, java.lang.String, java.lang.String, java.lang.String, java.lang.String, java.lang.String, java.lang.String, java.lang.String, java.lang.String)[pri:0, instance:com.sfe.testscripts.ProfilePageTest@5fd4f8f5]" name="editProfilePage" class="com.sfe.testscripts.ProfilePageTest"/>
        <method signature="SignInPageTest.emailSignIn(java.lang.String, java.lang.String)[pri:0, instance:com.sfe.testscripts.SignInPageTest@72cde7cc]" name="emailSignIn" class="com.sfe.testscripts.SignInPageTest"/>
        <method signature="SignInPageTest.facebookSignIn(java.lang.String, java.lang.String)[pri:0, instance:com.sfe.testscripts.SignInPageTest@72cde7cc]" name="facebookSignIn" class="com.sfe.testscripts.SignInPageTest"/>
        <method signature="SignInPageTest.forgotPassword(java.lang.String)[pri:0, instance:com.sfe.testscripts.SignInPageTest@72cde7cc]" name="forgotPassword" class="com.sfe.testscripts.SignInPageTest"/>
        <method signature="SignInPageTest.googleSignIn(java.lang.String, java.lang.String)[pri:-1, instance:com.sfe.testscripts.SignInPageTest@72cde7cc]" name="googleSignIn" class="com.sfe.testscripts.SignInPageTest"/>
        <method signature="SignInPageTest.mobileSignIn(java.lang.String)[pri:0, instance:com.sfe.testscripts.SignInPageTest@72cde7cc]" name="mobileSignIn" class="com.sfe.testscripts.SignInPageTest"/>
        <method signature="SignInPageTest.notRegisteredSignUp()[pri:0, instance:com.sfe.testscripts.SignInPageTest@72cde7cc]" name="notRegisteredSignUp" class="com.sfe.testscripts.SignInPageTest"/>
        <method signature="SignInPageTest.whatsAppSignIn(java.lang.String)[pri:0, instance:com.sfe.testscripts.SignInPageTest@72cde7cc]" name="whatsAppSignIn" class="com.sfe.testscripts.SignInPageTest"/>
        <method signature="SignUpPageTest.AlreadyAMemberSignin()[pri:0, instance:com.sfe.testscripts.SignUpPageTest@67080771]" name="AlreadyAMemberSignin" class="com.sfe.testscripts.SignUpPageTest"/>
        <method signature="SignUpPageTest.emailSingUp(java.lang.String, java.lang.String, java.lang.String, java.lang.String)[pri:0, instance:com.sfe.testscripts.SignUpPageTest@67080771]" name="emailSingUp" class="com.sfe.testscripts.SignUpPageTest"/>
        <method signature="SignUpPageTest.facebookSingUp(java.lang.String, java.lang.String)[pri:0, instance:com.sfe.testscripts.SignUpPageTest@67080771]" name="facebookSingUp" class="com.sfe.testscripts.SignUpPageTest"/>
        <method signature="SignUpPageTest.googleSingUp(java.lang.String, java.lang.String)[pri:-1, instance:com.sfe.testscripts.SignUpPageTest@67080771]" name="googleSingUp" class="com.sfe.testscripts.SignUpPageTest"/>
        <method signature="SignUpPageTest.mobileSignUp(java.lang.String, java.lang.String, java.lang.String)[pri:0, instance:com.sfe.testscripts.SignUpPageTest@67080771]" name="mobileSignUp" class="com.sfe.testscripts.SignUpPageTest"/>
        <method signature="SignUpPageTest.whatsAppSignUp(java.lang.String, java.lang.String, java.lang.String)[pri:-1, instance:com.sfe.testscripts.SignUpPageTest@67080771]" name="whatsAppSignUp" class="com.sfe.testscripts.SignUpPageTest"/>
      </group> <!-- Sanity -->
      <group name="Regression">
        <method signature="ProfilePageTest.editProfilePage(java.lang.String, java.lang.String, java.lang.String, java.lang.String, java.lang.String, java.lang.String, java.lang.String, java.lang.String, java.lang.String, java.lang.String, java.lang.String)[pri:0, instance:com.sfe.testscripts.ProfilePageTest@5fd4f8f5]" name="editProfilePage" class="com.sfe.testscripts.ProfilePageTest"/>
        <method signature="SignInPageTest.emailSignIn(java.lang.String, java.lang.String)[pri:0, instance:com.sfe.testscripts.SignInPageTest@72cde7cc]" name="emailSignIn" class="com.sfe.testscripts.SignInPageTest"/>
        <method signature="SignInPageTest.facebookSignIn(java.lang.String, java.lang.String)[pri:0, instance:com.sfe.testscripts.SignInPageTest@72cde7cc]" name="facebookSignIn" class="com.sfe.testscripts.SignInPageTest"/>
        <method signature="SignInPageTest.forgotPassword(java.lang.String)[pri:0, instance:com.sfe.testscripts.SignInPageTest@72cde7cc]" name="forgotPassword" class="com.sfe.testscripts.SignInPageTest"/>
        <method signature="SignInPageTest.googleSignIn(java.lang.String, java.lang.String)[pri:-1, instance:com.sfe.testscripts.SignInPageTest@72cde7cc]" name="googleSignIn" class="com.sfe.testscripts.SignInPageTest"/>
        <method signature="SignInPageTest.mobileSignIn(java.lang.String)[pri:0, instance:com.sfe.testscripts.SignInPageTest@72cde7cc]" name="mobileSignIn" class="com.sfe.testscripts.SignInPageTest"/>
        <method signature="SignInPageTest.notRegisteredSignUp()[pri:0, instance:com.sfe.testscripts.SignInPageTest@72cde7cc]" name="notRegisteredSignUp" class="com.sfe.testscripts.SignInPageTest"/>
        <method signature="SignInPageTest.whatsAppSignIn(java.lang.String)[pri:0, instance:com.sfe.testscripts.SignInPageTest@72cde7cc]" name="whatsAppSignIn" class="com.sfe.testscripts.SignInPageTest"/>
        <method signature="SignUpPageTest.AlreadyAMemberSignin()[pri:0, instance:com.sfe.testscripts.SignUpPageTest@67080771]" name="AlreadyAMemberSignin" class="com.sfe.testscripts.SignUpPageTest"/>
        <method signature="SignUpPageTest.emailSingUp(java.lang.String, java.lang.String, java.lang.String, java.lang.String)[pri:0, instance:com.sfe.testscripts.SignUpPageTest@67080771]" name="emailSingUp" class="com.sfe.testscripts.SignUpPageTest"/>
        <method signature="SignUpPageTest.facebookSingUp(java.lang.String, java.lang.String)[pri:0, instance:com.sfe.testscripts.SignUpPageTest@67080771]" name="facebookSingUp" class="com.sfe.testscripts.SignUpPageTest"/>
        <method signature="SignUpPageTest.googleSingUp(java.lang.String, java.lang.String)[pri:-1, instance:com.sfe.testscripts.SignUpPageTest@67080771]" name="googleSingUp" class="com.sfe.testscripts.SignUpPageTest"/>
        <method signature="SignUpPageTest.mobileSignUp(java.lang.String, java.lang.String, java.lang.String)[pri:0, instance:com.sfe.testscripts.SignUpPageTest@67080771]" name="mobileSignUp" class="com.sfe.testscripts.SignUpPageTest"/>
        <method signature="SignUpPageTest.whatsAppSignUp(java.lang.String, java.lang.String, java.lang.String)[pri:-1, instance:com.sfe.testscripts.SignUpPageTest@67080771]" name="whatsAppSignUp" class="com.sfe.testscripts.SignUpPageTest"/>
      </group> <!-- Regression -->
      <group name="Smoke">
        <method signature="ProfilePageTest.editProfilePage(java.lang.String, java.lang.String, java.lang.String, java.lang.String, java.lang.String, java.lang.String, java.lang.String, java.lang.String, java.lang.String, java.lang.String, java.lang.String)[pri:0, instance:com.sfe.testscripts.ProfilePageTest@5fd4f8f5]" name="editProfilePage" class="com.sfe.testscripts.ProfilePageTest"/>
        <method signature="SignInPageTest.emailSignIn(java.lang.String, java.lang.String)[pri:0, instance:com.sfe.testscripts.SignInPageTest@72cde7cc]" name="emailSignIn" class="com.sfe.testscripts.SignInPageTest"/>
        <method signature="SignInPageTest.facebookSignIn(java.lang.String, java.lang.String)[pri:0, instance:com.sfe.testscripts.SignInPageTest@72cde7cc]" name="facebookSignIn" class="com.sfe.testscripts.SignInPageTest"/>
        <method signature="SignInPageTest.forgotPassword(java.lang.String)[pri:0, instance:com.sfe.testscripts.SignInPageTest@72cde7cc]" name="forgotPassword" class="com.sfe.testscripts.SignInPageTest"/>
        <method signature="SignInPageTest.googleSignIn(java.lang.String, java.lang.String)[pri:-1, instance:com.sfe.testscripts.SignInPageTest@72cde7cc]" name="googleSignIn" class="com.sfe.testscripts.SignInPageTest"/>
        <method signature="SignInPageTest.mobileSignIn(java.lang.String)[pri:0, instance:com.sfe.testscripts.SignInPageTest@72cde7cc]" name="mobileSignIn" class="com.sfe.testscripts.SignInPageTest"/>
        <method signature="SignInPageTest.notRegisteredSignUp()[pri:0, instance:com.sfe.testscripts.SignInPageTest@72cde7cc]" name="notRegisteredSignUp" class="com.sfe.testscripts.SignInPageTest"/>
        <method signature="SignInPageTest.whatsAppSignIn(java.lang.String)[pri:0, instance:com.sfe.testscripts.SignInPageTest@72cde7cc]" name="whatsAppSignIn" class="com.sfe.testscripts.SignInPageTest"/>
        <method signature="SignUpPageTest.AlreadyAMemberSignin()[pri:0, instance:com.sfe.testscripts.SignUpPageTest@67080771]" name="AlreadyAMemberSignin" class="com.sfe.testscripts.SignUpPageTest"/>
        <method signature="SignUpPageTest.emailSingUp(java.lang.String, java.lang.String, java.lang.String, java.lang.String)[pri:0, instance:com.sfe.testscripts.SignUpPageTest@67080771]" name="emailSingUp" class="com.sfe.testscripts.SignUpPageTest"/>
        <method signature="SignUpPageTest.facebookSingUp(java.lang.String, java.lang.String)[pri:0, instance:com.sfe.testscripts.SignUpPageTest@67080771]" name="facebookSingUp" class="com.sfe.testscripts.SignUpPageTest"/>
        <method signature="SignUpPageTest.googleSingUp(java.lang.String, java.lang.String)[pri:-1, instance:com.sfe.testscripts.SignUpPageTest@67080771]" name="googleSingUp" class="com.sfe.testscripts.SignUpPageTest"/>
        <method signature="SignUpPageTest.mobileSignUp(java.lang.String, java.lang.String, java.lang.String)[pri:0, instance:com.sfe.testscripts.SignUpPageTest@67080771]" name="mobileSignUp" class="com.sfe.testscripts.SignUpPageTest"/>
        <method signature="SignUpPageTest.whatsAppSignUp(java.lang.String, java.lang.String, java.lang.String)[pri:-1, instance:com.sfe.testscripts.SignUpPageTest@67080771]" name="whatsAppSignUp" class="com.sfe.testscripts.SignUpPageTest"/>
      </group> <!-- Smoke -->
    </groups>
    <test started-at="2022-11-08T13:28:07 IST" name="Smoke" finished-at="2022-11-08T13:32:56 IST" duration-ms="289652">
      <class name="com.sfe.testscripts.SignInPageTest">
        <test-method is-config="true" signature="setup(java.lang.String)[pri:0, instance:com.sfe.testscripts.SignInPageTest@72cde7cc]" started-at="2022-11-08T13:29:29 IST" name="setup" finished-at="2022-11-08T13:29:33 IST" duration-ms="3133" status="PASS">
          <params>
            <param index="0">
              <value>
                <![CDATA[Chrome]]>
              </value>
            </param>
          </params>
          <reporter-output>
          </reporter-output>
        </test-method> <!-- setup -->
        <test-method signature="googleSignIn(java.lang.String, java.lang.String)[pri:-1, instance:com.sfe.testscripts.SignInPageTest@72cde7cc]" started-at="2022-11-08T13:29:33 IST" name="googleSignIn" data-provider="Google" finished-at="2022-11-08T13:29:53 IST" duration-ms="20021" status="FAIL">
          <params>
            <param index="0">
              <value>
                <![CDATA[vinothvenkates11@gmail.com]]>
              </value>
            </param>
            <param index="1">
              <value>
                <![CDATA[Testing@143]]>
              </value>
            </param>
          </params>
          <exception class="java.lang.AssertionError">
            <message>
              <![CDATA[expected [https://pre-release.smefe.org/dashboard] but found [https://pre-release.smefe.org/]]]>
            </message>
            <full-stacktrace>
              <![CDATA[java.lang.AssertionError: expected [https://pre-release.smefe.org/dashboard] but found [https://pre-release.smefe.org/]
at org.testng.Assert.fail(Assert.java:97)
at org.testng.Assert.assertEqualsImpl(Assert.java:136)
at org.testng.Assert.assertEquals(Assert.java:118)
at org.testng.Assert.assertEquals(Assert.java:575)
at org.testng.Assert.assertEquals(Assert.java:585)
at com.sfe.testscripts.SignInPageTest.googleSignIn(SignInPageTest.java:57)
at java.base/jdk.internal.reflect.NativeMethodAccessorImpl.invoke0(Native Method)
at java.base/jdk.internal.reflect.NativeMethodAccessorImpl.invoke(NativeMethodAccessorImpl.java:77)
at java.base/jdk.internal.reflect.DelegatingMethodAccessorImpl.invoke(DelegatingMethodAccessorImpl.java:43)
at java.base/java.lang.reflect.Method.invoke(Method.java:568)
at org.testng.internal.MethodInvocationHelper.invokeMethod(MethodInvocationHelper.java:134)
at org.testng.internal.TestInvoker.invokeMethod(TestInvoker.java:597)
at org.testng.internal.TestInvoker.invokeTestMethod(TestInvoker.java:173)
at org.testng.internal.MethodRunner.runInSequence(MethodRunner.java:46)
at org.testng.internal.TestInvoker$MethodInvocationAgent.invoke(TestInvoker.java:816)
at org.testng.internal.TestInvoker.invokeTestMethods(TestInvoker.java:146)
at org.testng.internal.TestMethodWorker.invokeTestMethods(TestMethodWorker.java:146)
at org.testng.internal.TestMethodWorker.run(TestMethodWorker.java:128)
at java.base/java.util.ArrayList.forEach(ArrayList.java:1511)
at org.testng.TestRunner.privateRun(TestRunner.java:766)
at org.testng.TestRunner.run(TestRunner.java:587)
at org.testng.SuiteRunner.runTest(SuiteRunner.java:384)
at org.testng.SuiteRunner.runSequentially(SuiteRunner.java:378)
at org.testng.SuiteRunner.privateRun(SuiteRunner.java:337)
at org.testng.SuiteRunner.run(SuiteRunner.java:286)
at org.testng.SuiteRunnerWorker.runSuite(SuiteRunnerWorker.java:53)
at org.testng.SuiteRunnerWorker.run(SuiteRunnerWorker.java:96)
at org.testng.TestNG.runSuitesSequentially(TestNG.java:1187)
at org.testng.TestNG.runSuitesLocally(TestNG.java:1109)
at org.testng.TestNG.runSuites(TestNG.java:1039)
at org.testng.TestNG.run(TestNG.java:1007)
at org.testng.remote.AbstractRemoteTestNG.run(AbstractRemoteTestNG.java:115)
at org.testng.remote.RemoteTestNG.initAndRun(RemoteTestNG.java:251)
at org.testng.remote.RemoteTestNG.main(RemoteTestNG.java:77)
]]>
            </full-stacktrace>
          </exception> <!-- java.lang.AssertionError -->
          <reporter-output>
          </reporter-output>
        </test-method> <!-- googleSignIn -->
        <test-method is-config="true" signature="tearDown()[pri:0, instance:com.sfe.testscripts.SignInPageTest@72cde7cc]" started-at="2022-11-08T13:29:53 IST" name="tearDown" finished-at="2022-11-08T13:29:53 IST" duration-ms="323" status="PASS">
          <reporter-output>
          </reporter-output>
        </test-method> <!-- tearDown -->
        <test-method is-config="true" signature="setup(java.lang.String)[pri:0, instance:com.sfe.testscripts.SignInPageTest@72cde7cc]" started-at="2022-11-08T13:29:53 IST" name="setup" finished-at="2022-11-08T13:29:56 IST" duration-ms="2754" status="PASS">
          <params>
            <param index="0">
              <value>
                <![CDATA[Chrome]]>
              </value>
            </param>
          </params>
          <reporter-output>
          </reporter-output>
        </test-method> <!-- setup -->
        <test-method signature="emailSignIn(java.lang.String, java.lang.String)[pri:0, instance:com.sfe.testscripts.SignInPageTest@72cde7cc]" started-at="2022-11-08T13:29:56 IST" name="emailSignIn" data-provider="Email" finished-at="2022-11-08T13:30:15 IST" duration-ms="18924" status="PASS">
          <params>
            <param index="0">
              <value>
                <![CDATA[ksszetztukmckhrssr@kvhrr.com]]>
              </value>
            </param>
            <param index="1">
              <value>
                <![CDATA[Testing@143]]>
              </value>
            </param>
          </params>
          <reporter-output>
          </reporter-output>
        </test-method> <!-- emailSignIn -->
        <test-method is-config="true" signature="tearDown()[pri:0, instance:com.sfe.testscripts.SignInPageTest@72cde7cc]" started-at="2022-11-08T13:30:15 IST" name="tearDown" finished-at="2022-11-08T13:30:15 IST" duration-ms="211" status="PASS">
          <reporter-output>
          </reporter-output>
        </test-method> <!-- tearDown -->
        <test-method is-config="true" signature="setup(java.lang.String)[pri:0, instance:com.sfe.testscripts.SignInPageTest@72cde7cc]" started-at="2022-11-08T13:30:15 IST" name="setup" finished-at="2022-11-08T13:30:18 IST" duration-ms="3024" status="PASS">
          <params>
            <param index="0">
              <value>
                <![CDATA[Chrome]]>
              </value>
            </param>
          </params>
          <reporter-output>
          </reporter-output>
        </test-method> <!-- setup -->
        <test-method signature="facebookSignIn(java.lang.String, java.lang.String)[pri:0, instance:com.sfe.testscripts.SignInPageTest@72cde7cc]" started-at="2022-11-08T13:30:18 IST" name="facebookSignIn" data-provider="Facebook" finished-at="2022-11-08T13:30:38 IST" duration-ms="19469" status="PASS">
          <params>
            <param index="0">
              <value>
                <![CDATA[vinothvenkateee@gmail.com]]>
              </value>
            </param>
            <param index="1">
              <value>
                <![CDATA[Sakshi@143]]>
              </value>
            </param>
          </params>
          <reporter-output>
          </reporter-output>
        </test-method> <!-- facebookSignIn -->
        <test-method is-config="true" signature="tearDown()[pri:0, instance:com.sfe.testscripts.SignInPageTest@72cde7cc]" started-at="2022-11-08T13:30:38 IST" name="tearDown" finished-at="2022-11-08T13:30:38 IST" duration-ms="220" status="PASS">
          <reporter-output>
          </reporter-output>
        </test-method> <!-- tearDown -->
        <test-method is-config="true" signature="setup(java.lang.String)[pri:0, instance:com.sfe.testscripts.SignInPageTest@72cde7cc]" started-at="2022-11-08T13:30:38 IST" name="setup" finished-at="2022-11-08T13:30:41 IST" duration-ms="2930" status="PASS">
          <params>
            <param index="0">
              <value>
                <![CDATA[Chrome]]>
              </value>
            </param>
          </params>
          <reporter-output>
          </reporter-output>
        </test-method> <!-- setup -->
        <test-method signature="forgotPassword(java.lang.String)[pri:0, instance:com.sfe.testscripts.SignInPageTest@72cde7cc]" started-at="2022-11-08T13:30:41 IST" name="forgotPassword" data-provider="ForgotPassword" finished-at="2022-11-08T13:30:49 IST" duration-ms="8045" status="PASS">
          <params>
            <param index="0">
              <value>
                <![CDATA[pzvrvgvcrrvlpoorwa@nthrw.com]]>
              </value>
            </param>
          </params>
          <reporter-output>
          </reporter-output>
        </test-method> <!-- forgotPassword -->
        <test-method is-config="true" signature="tearDown()[pri:0, instance:com.sfe.testscripts.SignInPageTest@72cde7cc]" started-at="2022-11-08T13:30:49 IST" name="tearDown" finished-at="2022-11-08T13:30:49 IST" duration-ms="232" status="PASS">
          <reporter-output>
          </reporter-output>
        </test-method> <!-- tearDown -->
        <test-method is-config="true" signature="setup(java.lang.String)[pri:0, instance:com.sfe.testscripts.SignInPageTest@72cde7cc]" started-at="2022-11-08T13:30:49 IST" name="setup" finished-at="2022-11-08T13:30:52 IST" duration-ms="2796" status="PASS">
          <params>
            <param index="0">
              <value>
                <![CDATA[Chrome]]>
              </value>
            </param>
          </params>
          <reporter-output>
          </reporter-output>
        </test-method> <!-- setup -->
        <test-method signature="mobileSignIn(java.lang.String)[pri:0, instance:com.sfe.testscripts.SignInPageTest@72cde7cc]" started-at="2022-11-08T13:30:52 IST" name="mobileSignIn" data-provider="MobileNo" finished-at="2022-11-08T13:31:02 IST" duration-ms="10482" status="PASS">
          <params>
            <param index="0">
              <value>
                <![CDATA[918148797433]]>
              </value>
            </param>
          </params>
          <reporter-output>
          </reporter-output>
        </test-method> <!-- mobileSignIn -->
        <test-method is-config="true" signature="tearDown()[pri:0, instance:com.sfe.testscripts.SignInPageTest@72cde7cc]" started-at="2022-11-08T13:31:02 IST" name="tearDown" finished-at="2022-11-08T13:31:03 IST" duration-ms="248" status="PASS">
          <reporter-output>
          </reporter-output>
        </test-method> <!-- tearDown -->
        <test-method is-config="true" signature="setup(java.lang.String)[pri:0, instance:com.sfe.testscripts.SignInPageTest@72cde7cc]" started-at="2022-11-08T13:31:03 IST" name="setup" finished-at="2022-11-08T13:31:06 IST" duration-ms="2871" status="PASS">
          <params>
            <param index="0">
              <value>
                <![CDATA[Chrome]]>
              </value>
            </param>
          </params>
          <reporter-output>
          </reporter-output>
        </test-method> <!-- setup -->
        <test-method signature="notRegisteredSignUp()[pri:0, instance:com.sfe.testscripts.SignInPageTest@72cde7cc]" started-at="2022-11-08T13:31:06 IST" name="notRegisteredSignUp" finished-at="2022-11-08T13:31:09 IST" duration-ms="3616" status="PASS">
          <reporter-output>
          </reporter-output>
        </test-method> <!-- notRegisteredSignUp -->
        <test-method is-config="true" signature="tearDown()[pri:0, instance:com.sfe.testscripts.SignInPageTest@72cde7cc]" started-at="2022-11-08T13:31:09 IST" name="tearDown" finished-at="2022-11-08T13:31:09 IST" duration-ms="264" status="PASS">
          <reporter-output>
          </reporter-output>
        </test-method> <!-- tearDown -->
        <test-method is-config="true" signature="setup(java.lang.String)[pri:0, instance:com.sfe.testscripts.SignInPageTest@72cde7cc]" started-at="2022-11-08T13:31:09 IST" name="setup" finished-at="2022-11-08T13:31:12 IST" duration-ms="2732" status="PASS">
          <params>
            <param index="0">
              <value>
                <![CDATA[Chrome]]>
              </value>
            </param>
          </params>
          <reporter-output>
          </reporter-output>
        </test-method> <!-- setup -->
        <test-method signature="whatsAppSignIn(java.lang.String)[pri:0, instance:com.sfe.testscripts.SignInPageTest@72cde7cc]" started-at="2022-11-08T13:31:12 IST" name="whatsAppSignIn" data-provider="WhatsApp" finished-at="2022-11-08T13:31:21 IST" duration-ms="9249" status="PASS">
          <params>
            <param index="0">
              <value>
                <![CDATA[918148797433]]>
              </value>
            </param>
          </params>
          <reporter-output>
          </reporter-output>
        </test-method> <!-- whatsAppSignIn -->
        <test-method is-config="true" signature="tearDown()[pri:0, instance:com.sfe.testscripts.SignInPageTest@72cde7cc]" started-at="2022-11-08T13:31:21 IST" name="tearDown" finished-at="2022-11-08T13:31:22 IST" duration-ms="310" status="PASS">
          <reporter-output>
          </reporter-output>
        </test-method> <!-- tearDown -->
      </class> <!-- com.sfe.testscripts.SignInPageTest -->
      <class name="com.sfe.testscripts.SignUpPageTest">
        <test-method is-config="true" signature="loadConfig()[pri:0, instance:com.sfe.testscripts.SignUpPageTest@67080771]" started-at="2022-11-08T13:28:06 IST" name="loadConfig" finished-at="2022-11-08T13:28:07 IST" duration-ms="697" status="PASS">
          <reporter-output>
          </reporter-output>
        </test-method> <!-- loadConfig -->
        <test-method is-config="true" signature="setup(java.lang.String)[pri:0, instance:com.sfe.testscripts.SignUpPageTest@67080771]" started-at="2022-11-08T13:28:08 IST" name="setup" finished-at="2022-11-08T13:28:14 IST" duration-ms="6459" status="PASS">
          <params>
            <param index="0">
              <value>
                <![CDATA[Chrome]]>
              </value>
            </param>
          </params>
          <reporter-output>
          </reporter-output>
        </test-method> <!-- setup -->
        <test-method signature="googleSingUp(java.lang.String, java.lang.String)[pri:-1, instance:com.sfe.testscripts.SignUpPageTest@67080771]" started-at="2022-11-08T13:28:14 IST" name="googleSingUp" data-provider="Google" finished-at="2022-11-08T13:28:33 IST" duration-ms="18695" status="PASS">
          <params>
            <param index="0">
              <value>
                <![CDATA[vinothvenkates11@gmail.com]]>
              </value>
            </param>
            <param index="1">
              <value>
                <![CDATA[Testing@143]]>
              </value>
            </param>
          </params>
          <reporter-output>
          </reporter-output>
        </test-method> <!-- googleSingUp -->
        <test-method is-config="true" signature="tearDown()[pri:0, instance:com.sfe.testscripts.SignUpPageTest@67080771]" started-at="2022-11-08T13:28:33 IST" name="tearDown" finished-at="2022-11-08T13:28:33 IST" duration-ms="241" status="PASS">
          <reporter-output>
          </reporter-output>
        </test-method> <!-- tearDown -->
        <test-method is-config="true" signature="setup(java.lang.String)[pri:0, instance:com.sfe.testscripts.SignUpPageTest@67080771]" started-at="2022-11-08T13:28:33 IST" name="setup" finished-at="2022-11-08T13:28:36 IST" duration-ms="3054" status="PASS">
          <params>
            <param index="0">
              <value>
                <![CDATA[Chrome]]>
              </value>
            </param>
          </params>
          <reporter-output>
          </reporter-output>
        </test-method> <!-- setup -->
        <test-method signature="whatsAppSignUp(java.lang.String, java.lang.String, java.lang.String)[pri:-1, instance:com.sfe.testscripts.SignUpPageTest@67080771]" started-at="2022-11-08T13:28:36 IST" name="whatsAppSignUp" data-provider="SignUpNo" finished-at="2022-11-08T13:28:44 IST" duration-ms="7634" status="PASS">
          <params>
            <param index="0">
              <value>
                <![CDATA[918148797433]]>
              </value>
            </param>
            <param index="1">
              <value>
                <![CDATA[vinoth]]>
              </value>
            </param>
            <param index="2">
              <value>
                <![CDATA[kumar]]>
              </value>
            </param>
          </params>
          <reporter-output>
          </reporter-output>
        </test-method> <!-- whatsAppSignUp -->
        <test-method is-config="true" signature="tearDown()[pri:0, instance:com.sfe.testscripts.SignUpPageTest@67080771]" started-at="2022-11-08T13:28:44 IST" name="tearDown" finished-at="2022-11-08T13:28:44 IST" duration-ms="204" status="PASS">
          <reporter-output>
          </reporter-output>
        </test-method> <!-- tearDown -->
        <test-method is-config="true" signature="setup(java.lang.String)[pri:0, instance:com.sfe.testscripts.SignUpPageTest@67080771]" started-at="2022-11-08T13:28:44 IST" name="setup" finished-at="2022-11-08T13:28:47 IST" duration-ms="2906" status="PASS">
          <params>
            <param index="0">
              <value>
                <![CDATA[Chrome]]>
              </value>
            </param>
          </params>
          <reporter-output>
          </reporter-output>
        </test-method> <!-- setup -->
        <test-method signature="AlreadyAMemberSignin()[pri:0, instance:com.sfe.testscripts.SignUpPageTest@67080771]" started-at="2022-11-08T13:28:47 IST" name="AlreadyAMemberSignin" finished-at="2022-11-08T13:28:48 IST" duration-ms="849" status="PASS">
          <reporter-output>
          </reporter-output>
        </test-method> <!-- AlreadyAMemberSignin -->
        <test-method is-config="true" signature="tearDown()[pri:0, instance:com.sfe.testscripts.SignUpPageTest@67080771]" started-at="2022-11-08T13:28:48 IST" name="tearDown" finished-at="2022-11-08T13:28:48 IST" duration-ms="274" status="PASS">
          <reporter-output>
          </reporter-output>
        </test-method> <!-- tearDown -->
        <test-method is-config="true" signature="setup(java.lang.String)[pri:0, instance:com.sfe.testscripts.SignUpPageTest@67080771]" started-at="2022-11-08T13:28:48 IST" name="setup" finished-at="2022-11-08T13:28:51 IST" duration-ms="2922" status="PASS">
          <params>
            <param index="0">
              <value>
                <![CDATA[Chrome]]>
              </value>
            </param>
          </params>
          <reporter-output>
          </reporter-output>
        </test-method> <!-- setup -->
        <test-method signature="emailSingUp(java.lang.String, java.lang.String, java.lang.String, java.lang.String)[pri:0, instance:com.sfe.testscripts.SignUpPageTest@67080771]" started-at="2022-11-08T13:28:51 IST" name="emailSingUp" data-provider="SignUpEmail" finished-at="2022-11-08T13:28:59 IST" duration-ms="7514" status="PASS">
          <params>
            <param index="0">
              <value>
                <![CDATA[wimsdfgare3678@nifect.com]]>
              </value>
            </param>
            <param index="1">
              <value>
                <![CDATA[Testing@143]]>
              </value>
            </param>
            <param index="2">
              <value>
                <![CDATA[vinoth]]>
              </value>
            </param>
            <param index="3">
              <value>
                <![CDATA[kumar]]>
              </value>
            </param>
          </params>
          <reporter-output>
          </reporter-output>
        </test-method> <!-- emailSingUp -->
        <test-method is-config="true" signature="tearDown()[pri:0, instance:com.sfe.testscripts.SignUpPageTest@67080771]" started-at="2022-11-08T13:28:59 IST" name="tearDown" finished-at="2022-11-08T13:28:59 IST" duration-ms="235" status="PASS">
          <reporter-output>
          </reporter-output>
        </test-method> <!-- tearDown -->
        <test-method is-config="true" signature="setup(java.lang.String)[pri:0, instance:com.sfe.testscripts.SignUpPageTest@67080771]" started-at="2022-11-08T13:28:59 IST" name="setup" finished-at="2022-11-08T13:29:02 IST" duration-ms="2786" status="PASS">
          <params>
            <param index="0">
              <value>
                <![CDATA[Chrome]]>
              </value>
            </param>
          </params>
          <reporter-output>
          </reporter-output>
        </test-method> <!-- setup -->
        <test-method signature="facebookSingUp(java.lang.String, java.lang.String)[pri:0, instance:com.sfe.testscripts.SignUpPageTest@67080771]" started-at="2022-11-08T13:29:02 IST" name="facebookSingUp" data-provider="Facebook" finished-at="2022-11-08T13:29:16 IST" duration-ms="14634" status="PASS">
          <params>
            <param index="0">
              <value>
                <![CDATA[vinothvenkateee@gmail.com]]>
              </value>
            </param>
            <param index="1">
              <value>
                <![CDATA[Sakshi@143]]>
              </value>
            </param>
          </params>
          <reporter-output>
          </reporter-output>
        </test-method> <!-- facebookSingUp -->
        <test-method is-config="true" signature="tearDown()[pri:0, instance:com.sfe.testscripts.SignUpPageTest@67080771]" started-at="2022-11-08T13:29:16 IST" name="tearDown" finished-at="2022-11-08T13:29:17 IST" duration-ms="324" status="PASS">
          <reporter-output>
          </reporter-output>
        </test-method> <!-- tearDown -->
        <test-method is-config="true" signature="setup(java.lang.String)[pri:0, instance:com.sfe.testscripts.SignUpPageTest@67080771]" started-at="2022-11-08T13:29:17 IST" name="setup" finished-at="2022-11-08T13:29:20 IST" duration-ms="3110" status="PASS">
          <params>
            <param index="0">
              <value>
                <![CDATA[Chrome]]>
              </value>
            </param>
          </params>
          <reporter-output>
          </reporter-output>
        </test-method> <!-- setup -->
        <test-method signature="mobileSignUp(java.lang.String, java.lang.String, java.lang.String)[pri:0, instance:com.sfe.testscripts.SignUpPageTest@67080771]" started-at="2022-11-08T13:29:20 IST" name="mobileSignUp" data-provider="SignUpNo" finished-at="2022-11-08T13:29:29 IST" duration-ms="9250" status="PASS">
          <params>
            <param index="0">
              <value>
                <![CDATA[918148797433]]>
              </value>
            </param>
            <param index="1">
              <value>
                <![CDATA[vinoth]]>
              </value>
            </param>
            <param index="2">
              <value>
                <![CDATA[kumar]]>
              </value>
            </param>
          </params>
          <reporter-output>
          </reporter-output>
        </test-method> <!-- mobileSignUp -->
        <test-method is-config="true" signature="tearDown()[pri:0, instance:com.sfe.testscripts.SignUpPageTest@67080771]" started-at="2022-11-08T13:29:29 IST" name="tearDown" finished-at="2022-11-08T13:29:29 IST" duration-ms="276" status="PASS">
          <reporter-output>
          </reporter-output>
        </test-method> <!-- tearDown -->
        <test-method is-config="true" signature="afterSuite()[pri:0, instance:com.sfe.testscripts.SignUpPageTest@67080771]" started-at="2022-11-08T13:32:56 IST" name="afterSuite" finished-at="2022-11-08T13:32:56 IST" duration-ms="269" status="PASS">
          <reporter-output>
          </reporter-output>
        </test-method> <!-- afterSuite -->
      </class> <!-- com.sfe.testscripts.SignUpPageTest -->
      <class name="com.sfe.testscripts.ProfilePageTest">
        <test-method is-config="true" signature="setup(java.lang.String)[pri:0, instance:com.sfe.testscripts.ProfilePageTest@5fd4f8f5]" started-at="2022-11-08T13:31:22 IST" name="setup" finished-at="2022-11-08T13:31:25 IST" duration-ms="2918" status="PASS">
          <params>
            <param index="0">
              <value>
                <![CDATA[Chrome]]>
              </value>
            </param>
          </params>
          <reporter-output>
          </reporter-output>
        </test-method> <!-- setup -->
        <test-method signature="editProfilePage(java.lang.String, java.lang.String, java.lang.String, java.lang.String, java.lang.String, java.lang.String, java.lang.String, java.lang.String, java.lang.String, java.lang.String, java.lang.String)[pri:0, instance:com.sfe.testscripts.ProfilePageTest@5fd4f8f5]" started-at="2022-11-08T13:31:25 IST" name="editProfilePage" data-provider="ProfilePage" finished-at="2022-11-08T13:32:56 IST" duration-ms="91217" status="PASS">
          <params>
            <param index="0">
              <value>
                <![CDATA[C:\Users\Dell\Pictures\a.jpg]]>
              </value>
            </param>
            <param index="1">
              <value>
                <![CDATA[ksszetztukmckhrssr@kvhrr.com]]>
              </value>
            </param>
            <param index="2">
              <value>
                <![CDATA[Testing@143]]>
              </value>
            </param>
            <param index="3">
              <value>
                <![CDATA[vinoth]]>
              </value>
            </param>
            <param index="4">
              <value>
                <![CDATA[kumar]]>
              </value>
            </param>
            <param index="5">
              <value>
                <![CDATA[VVK]]>
              </value>
            </param>
            <param index="6">
              <value>
                <![CDATA[abc]]>
              </value>
            </param>
            <param index="7">
              <value>
                <![CDATA[India]]>
              </value>
            </param>
            <param index="8">
              <value>
                <![CDATA[Music]]>
              </value>
            </param>
            <param index="9">
              <value>
                <![CDATA[1-10 employees]]>
              </value>
            </param>
            <param index="10">
              <value>
                <![CDATA[kjhg45]]>
              </value>
            </param>
          </params>
          <reporter-output>
          </reporter-output>
        </test-method> <!-- editProfilePage -->
        <test-method is-config="true" signature="tearDown()[pri:0, instance:com.sfe.testscripts.ProfilePageTest@5fd4f8f5]" started-at="2022-11-08T13:32:56 IST" name="tearDown" finished-at="2022-11-08T13:32:56 IST" duration-ms="220" status="PASS">
          <reporter-output>
          </reporter-output>
        </test-method> <!-- tearDown -->
      </class> <!-- com.sfe.testscripts.ProfilePageTest -->
    </test> <!-- Smoke -->
  </suite> <!-- Suite -->
</testng-results>
